<?xml version="1.0" encoding="UTF-8"?>
<testsuite xmlns:xsi="http://www.w3.org/2001/XMLSchema-instance" xsi:noNamespaceSchemaLocation="https://maven.apache.org/surefire/maven-surefire-plugin/xsd/surefire-test-report-3.0.xsd" version="3.0" name="solver.TimeTableConstraintProviderTest" time="1.015" tests="6" errors="0" skipped="0" failures="0">
  <properties>
    <property name="sun.desktop" value="gnome"/>
    <property name="awt.toolkit" value="sun.awt.X11.XToolkit"/>
    <property name="file.encoding.pkg" value="sun.io"/>
    <property name="java.specification.version" value="1.8"/>
    <property name="sun.cpu.isalist" value=""/>
    <property name="sun.jnu.encoding" value="UTF-8"/>
    <property name="java.class.path" value="/home/suca/Documents/Work/Local/University/year04/sem01/ESDE/OctaPlanner/Workshop/Repository/optaplanner-workshop/target/test-classes:/home/suca/Documents/Work/Local/University/year04/sem01/ESDE/OctaPlanner/Workshop/Repository/optaplanner-workshop/target/classes:/home/suca/.m2/repository/io/quarkus/quarkus-resteasy/1.10.1.Final/quarkus-resteasy-1.10.1.Final.jar:/home/suca/.m2/repository/io/quarkus/quarkus-vertx-http/1.10.1.Final/quarkus-vertx-http-1.10.1.Final.jar:/home/suca/.m2/repository/io/quarkus/quarkus-security-runtime-spi/1.10.1.Final/quarkus-security-runtime-spi-1.10.1.Final.jar:/home/suca/.m2/repository/io/quarkus/security/quarkus-security/1.1.3.Final/quarkus-security-1.1.3.Final.jar:/home/suca/.m2/repository/io/smallrye/reactive/mutiny/0.11.0/mutiny-0.11.0.jar:/home/suca/.m2/repository/org/reactivestreams/reactive-streams/1.0.3/reactive-streams-1.0.3.jar:/home/suca/.m2/repository/io/quarkus/quarkus-vertx-core/1.10.1.Final/quarkus-vertx-core-1.10.1.Final.jar:/home/suca/.m2/repository/io/quarkus/quarkus-netty/1.10.1.Final/quarkus-netty-1.10.1.Final.jar:/home/suca/.m2/repository/io/netty/netty-codec/4.1.49.Final/netty-codec-4.1.49.Final.jar:/home/suca/.m2/repository/io/netty/netty-handler/4.1.49.Final/netty-handler-4.1.49.Final.jar:/home/suca/.m2/repository/io/vertx/vertx-core/3.9.4/vertx-core-3.9.4.jar:/home/suca/.m2/repository/io/netty/netty-common/4.1.49.Final/netty-common-4.1.49.Final.jar:/home/suca/.m2/repository/io/netty/netty-buffer/4.1.49.Final/netty-buffer-4.1.49.Final.jar:/home/suca/.m2/repository/io/netty/netty-transport/4.1.49.Final/netty-transport-4.1.49.Final.jar:/home/suca/.m2/repository/io/netty/netty-handler-proxy/4.1.49.Final/netty-handler-proxy-4.1.49.Final.jar:/home/suca/.m2/repository/io/netty/netty-codec-socks/4.1.49.Final/netty-codec-socks-4.1.49.Final.jar:/home/suca/.m2/repository/io/netty/netty-codec-http/4.1.49.Final/netty-codec-http-4.1.49.Final.jar:/home/suca/.m2/repository/io/netty/netty-codec-http2/4.1.49.Final/netty-codec-http2-4.1.49.Final.jar:/home/suca/.m2/repository/io/netty/netty-resolver/4.1.49.Final/netty-resolver-4.1.49.Final.jar:/home/suca/.m2/repository/io/netty/netty-resolver-dns/4.1.49.Final/netty-resolver-dns-4.1.49.Final.jar:/home/suca/.m2/repository/io/netty/netty-codec-dns/4.1.49.Final/netty-codec-dns-4.1.49.Final.jar:/home/suca/.m2/repository/io/vertx/vertx-web/3.9.4/vertx-web-3.9.4.jar:/home/suca/.m2/repository/io/vertx/vertx-web-common/3.9.4/vertx-web-common-3.9.4.jar:/home/suca/.m2/repository/io/vertx/vertx-auth-common/3.9.4/vertx-auth-common-3.9.4.jar:/home/suca/.m2/repository/io/vertx/vertx-bridge-common/3.9.4/vertx-bridge-common-3.9.4.jar:/home/suca/.m2/repository/io/quarkus/quarkus-resteasy-server-common/1.10.1.Final/quarkus-resteasy-server-common-1.10.1.Final.jar:/home/suca/.m2/repository/io/quarkus/quarkus-resteasy-common/1.10.1.Final/quarkus-resteasy-common-1.10.1.Final.jar:/home/suca/.m2/repository/org/jboss/resteasy/resteasy-core/4.5.8.Final/resteasy-core-4.5.8.Final.jar:/home/suca/.m2/repository/org/jboss/resteasy/resteasy-core-spi/4.5.8.Final/resteasy-core-spi-4.5.8.Final.jar:/home/suca/.m2/repository/com/ibm/async/asyncutil/0.1.0/asyncutil-0.1.0.jar:/home/suca/.m2/repository/org/eclipse/microprofile/config/microprofile-config-api/1.4/microprofile-config-api-1.4.jar:/home/suca/.m2/repository/com/sun/activation/jakarta.activation/1.2.1/jakarta.activation-1.2.1.jar:/home/suca/.m2/repository/jakarta/validation/jakarta.validation-api/2.0.2/jakarta.validation-api-2.0.2.jar:/home/suca/.m2/repository/io/quarkus/quarkus-resteasy-jackson/1.10.1.Final/quarkus-resteasy-jackson-1.10.1.Final.jar:/home/suca/.m2/repository/io/quarkus/quarkus-jackson/1.10.1.Final/quarkus-jackson-1.10.1.Final.jar:/home/suca/.m2/repository/com/fasterxml/jackson/datatype/jackson-datatype-jsr310/2.11.3/jackson-datatype-jsr310-2.11.3.jar:/home/suca/.m2/repository/com/fasterxml/jackson/datatype/jackson-datatype-jdk8/2.11.3/jackson-datatype-jdk8-2.11.3.jar:/home/suca/.m2/repository/com/fasterxml/jackson/module/jackson-module-parameter-names/2.11.3/jackson-module-parameter-names-2.11.3.jar:/home/suca/.m2/repository/org/jboss/resteasy/resteasy-jackson2-provider/4.5.8.Final/resteasy-jackson2-provider-4.5.8.Final.jar:/home/suca/.m2/repository/org/jboss/resteasy/resteasy-jaxb-provider/4.5.8.Final/resteasy-jaxb-provider-4.5.8.Final.jar:/home/suca/.m2/repository/com/fasterxml/jackson/core/jackson-core/2.11.3/jackson-core-2.11.3.jar:/home/suca/.m2/repository/com/fasterxml/jackson/core/jackson-annotations/2.11.3/jackson-annotations-2.11.3.jar:/home/suca/.m2/repository/com/fasterxml/jackson/jaxrs/jackson-jaxrs-json-provider/2.11.3/jackson-jaxrs-json-provider-2.11.3.jar:/home/suca/.m2/repository/com/fasterxml/jackson/jaxrs/jackson-jaxrs-base/2.11.3/jackson-jaxrs-base-2.11.3.jar:/home/suca/.m2/repository/com/fasterxml/jackson/module/jackson-module-jaxb-annotations/2.11.3/jackson-module-jaxb-annotations-2.11.3.jar:/home/suca/.m2/repository/com/github/java-json-tools/json-patch/1.13/json-patch-1.13.jar:/home/suca/.m2/repository/com/github/java-json-tools/msg-simple/1.2/msg-simple-1.2.jar:/home/suca/.m2/repository/com/github/java-json-tools/btf/1.3/btf-1.3.jar:/home/suca/.m2/repository/com/github/java-json-tools/jackson-coreutils/2.0/jackson-coreutils-2.0.jar:/home/suca/.m2/repository/org/jboss/logging/jboss-logging/3.4.1.Final/jboss-logging-3.4.1.Final.jar:/home/suca/.m2/repository/org/jboss/spec/javax/xml/bind/jboss-jaxb-api_2.3_spec/2.0.0.Final/jboss-jaxb-api_2.3_spec-2.0.0.Final.jar:/home/suca/.m2/repository/io/quarkus/quarkus-hibernate-orm-panache/1.10.1.Final/quarkus-hibernate-orm-panache-1.10.1.Final.jar:/home/suca/.m2/repository/io/quarkus/quarkus-core/1.10.1.Final/quarkus-core-1.10.1.Final.jar:/home/suca/.m2/repository/jakarta/annotation/jakarta.annotation-api/1.3.5/jakarta.annotation-api-1.3.5.jar:/home/suca/.m2/repository/jakarta/enterprise/jakarta.enterprise.cdi-api/2.0.2/jakarta.enterprise.cdi-api-2.0.2.jar:/home/suca/.m2/repository/jakarta/el/jakarta.el-api/3.0.3/jakarta.el-api-3.0.3.jar:/home/suca/.m2/repository/jakarta/interceptor/jakarta.interceptor-api/1.2.5/jakarta.interceptor-api-1.2.5.jar:/home/suca/.m2/repository/io/quarkus/quarkus-ide-launcher/1.10.1.Final/quarkus-ide-launcher-1.10.1.Final.jar:/home/suca/.m2/repository/io/quarkus/quarkus-development-mode-spi/1.10.1.Final/quarkus-development-mode-spi-1.10.1.Final.jar:/home/suca/.m2/repository/io/smallrye/config/smallrye-config/1.9.3/smallrye-config-1.9.3.jar:/home/suca/.m2/repository/io/smallrye/common/smallrye-common-annotation/1.4.1/smallrye-common-annotation-1.4.1.jar:/home/suca/.m2/repository/io/smallrye/config/smallrye-config-common/1.9.3/smallrye-config-common-1.9.3.jar:/home/suca/.m2/repository/io/smallrye/common/smallrye-common-expression/1.4.1/smallrye-common-expression-1.4.1.jar:/home/suca/.m2/repository/io/smallrye/common/smallrye-common-function/1.4.1/smallrye-common-function-1.4.1.jar:/home/suca/.m2/repository/io/smallrye/common/smallrye-common-constraint/1.4.1/smallrye-common-constraint-1.4.1.jar:/home/suca/.m2/repository/io/smallrye/common/smallrye-common-classloader/1.4.1/smallrye-common-classloader-1.4.1.jar:/home/suca/.m2/repository/org/ow2/asm/asm/9.0/asm-9.0.jar:/home/suca/.m2/repository/org/jboss/logmanager/jboss-logmanager-embedded/1.0.6/jboss-logmanager-embedded-1.0.6.jar:/home/suca/.m2/repository/org/jboss/logging/jboss-logging-annotations/2.1.0.Final/jboss-logging-annotations-2.1.0.Final.jar:/home/suca/.m2/repository/org/jboss/threads/jboss-threads/3.1.1.Final/jboss-threads-3.1.1.Final.jar:/home/suca/.m2/repository/org/slf4j/slf4j-api/1.7.30/slf4j-api-1.7.30.jar:/home/suca/.m2/repository/org/jboss/slf4j/slf4j-jboss-logmanager/1.1.0.Final/slf4j-jboss-logmanager-1.1.0.Final.jar:/home/suca/.m2/repository/org/graalvm/sdk/graal-sdk/20.2.0/graal-sdk-20.2.0.jar:/home/suca/.m2/repository/org/wildfly/common/wildfly-common/1.5.4.Final-format-001/wildfly-common-1.5.4.Final-format-001.jar:/home/suca/.m2/repository/io/quarkus/quarkus-bootstrap-runner/1.10.1.Final/quarkus-bootstrap-runner-1.10.1.Final.jar:/home/suca/.m2/repository/io/quarkus/quarkus-hibernate-orm/1.10.1.Final/quarkus-hibernate-orm-1.10.1.Final.jar:/home/suca/.m2/repository/io/quarkus/quarkus-agroal/1.10.1.Final/quarkus-agroal-1.10.1.Final.jar:/home/suca/.m2/repository/io/quarkus/quarkus-datasource/1.10.1.Final/quarkus-datasource-1.10.1.Final.jar:/home/suca/.m2/repository/io/quarkus/quarkus-datasource-common/1.10.1.Final/quarkus-datasource-common-1.10.1.Final.jar:/home/suca/.m2/repository/org/jboss/narayana/jta/narayana-jta/5.10.6.Final/narayana-jta-5.10.6.Final.jar:/home/suca/.m2/repository/org/jboss/jboss-transaction-spi/7.6.0.Final/jboss-transaction-spi-7.6.0.Final.jar:/home/suca/.m2/repository/org/jboss/spec/javax/resource/jboss-connector-api_1.7_spec/1.0.0.Final/jboss-connector-api_1.7_spec-1.0.0.Final.jar:/home/suca/.m2/repository/org/jboss/narayana/jts/narayana-jts-integration/5.10.6.Final/narayana-jts-integration-5.10.6.Final.jar:/home/suca/.m2/repository/io/agroal/agroal-api/1.9/agroal-api-1.9.jar:/home/suca/.m2/repository/io/agroal/agroal-narayana/1.9/agroal-narayana-1.9.jar:/home/suca/.m2/repository/io/agroal/agroal-pool/1.9/agroal-pool-1.9.jar:/home/suca/.m2/repository/io/quarkus/quarkus-credentials/1.10.1.Final/quarkus-credentials-1.10.1.Final.jar:/home/suca/.m2/repository/io/quarkus/quarkus-narayana-jta/1.10.1.Final/quarkus-narayana-jta-1.10.1.Final.jar:/home/suca/.m2/repository/io/quarkus/quarkus-mutiny/1.10.1.Final/quarkus-mutiny-1.10.1.Final.jar:/home/suca/.m2/repository/io/quarkus/quarkus-smallrye-context-propagation/1.10.1.Final/quarkus-smallrye-context-propagation-1.10.1.Final.jar:/home/suca/.m2/repository/io/smallrye/smallrye-context-propagation/1.0.19/smallrye-context-propagation-1.0.19.jar:/home/suca/.m2/repository/io/smallrye/smallrye-context-propagation-api/1.0.19/smallrye-context-propagation-api-1.0.19.jar:/home/suca/.m2/repository/io/smallrye/reactive/mutiny-context-propagation/0.11.0/mutiny-context-propagation-0.11.0.jar:/home/suca/.m2/repository/io/smallrye/smallrye-context-propagation-jta/1.0.19/smallrye-context-propagation-jta-1.0.19.jar:/home/suca/.m2/repository/io/smallrye/reactive/smallrye-reactive-converter-api/1.2.2/smallrye-reactive-converter-api-1.2.2.jar:/home/suca/.m2/repository/io/smallrye/reactive/smallrye-reactive-converter-mutiny/1.2.2/smallrye-reactive-converter-mutiny-1.2.2.jar:/home/suca/.m2/repository/org/hibernate/hibernate-core/5.4.24.Final/hibernate-core-5.4.24.Final.jar:/home/suca/.m2/repository/net/bytebuddy/byte-buddy/1.10.17/byte-buddy-1.10.17.jar:/home/suca/.m2/repository/antlr/antlr/2.7.7/antlr-2.7.7.jar:/home/suca/.m2/repository/com/fasterxml/classmate/1.3.4/classmate-1.3.4.jar:/home/suca/.m2/repository/org/dom4j/dom4j/2.1.3/dom4j-2.1.3.jar:/home/suca/.m2/repository/org/hibernate/common/hibernate-commons-annotations/5.1.2.Final/hibernate-commons-annotations-5.1.2.Final.jar:/home/suca/.m2/repository/org/hibernate/hibernate-graalvm/5.4.24.Final/hibernate-graalvm-5.4.24.Final.jar:/home/suca/.m2/repository/org/glassfish/jaxb/jaxb-runtime/2.3.3-b02/jaxb-runtime-2.3.3-b02.jar:/home/suca/.m2/repository/org/glassfish/jaxb/txw2/2.3.3-b02/txw2-2.3.3-b02.jar:/home/suca/.m2/repository/com/sun/istack/istack-commons-runtime/3.0.10/istack-commons-runtime-3.0.10.jar:/home/suca/.m2/repository/jakarta/persistence/jakarta.persistence-api/2.2.3/jakarta.persistence-api-2.2.3.jar:/home/suca/.m2/repository/jakarta/transaction/jakarta.transaction-api/1.3.3/jakarta.transaction-api-1.3.3.jar:/home/suca/.m2/repository/org/hibernate/quarkus-local-cache/0.1.0/quarkus-local-cache-0.1.0.jar:/home/suca/.m2/repository/com/github/ben-manes/caffeine/caffeine/2.8.6/caffeine-2.8.6.jar:/home/suca/.m2/repository/com/google/errorprone/error_prone_annotations/2.2.0/error_prone_annotations-2.2.0.jar:/home/suca/.m2/repository/io/quarkus/quarkus-caffeine/1.10.1.Final/quarkus-caffeine-1.10.1.Final.jar:/home/suca/.m2/repository/io/quarkus/quarkus-hibernate-orm-panache-common/1.10.1.Final/quarkus-hibernate-orm-panache-common-1.10.1.Final.jar:/home/suca/.m2/repository/io/quarkus/quarkus-panache-hibernate-common/1.10.1.Final/quarkus-panache-hibernate-common-1.10.1.Final.jar:/home/suca/.m2/repository/io/quarkus/quarkus-arc/1.10.1.Final/quarkus-arc-1.10.1.Final.jar:/home/suca/.m2/repository/io/quarkus/arc/arc/1.10.1.Final/arc-1.10.1.Final.jar:/home/suca/.m2/repository/org/eclipse/microprofile/context-propagation/microprofile-context-propagation-api/1.0.1/microprofile-context-propagation-api-1.0.1.jar:/home/suca/.m2/repository/io/quarkus/quarkus-panache-common/1.10.1.Final/quarkus-panache-common-1.10.1.Final.jar:/home/suca/.m2/repository/io/quarkus/quarkus-jdbc-h2/1.10.1.Final/quarkus-jdbc-h2-1.10.1.Final.jar:/home/suca/.m2/repository/com/h2database/h2/1.4.197/h2-1.4.197.jar:/home/suca/.m2/repository/org/locationtech/jts/jts-core/1.15.0/jts-core-1.15.0.jar:/home/suca/.m2/repository/io/quarkus/quarkus-hibernate-orm-rest-data-panache/1.10.1.Final/quarkus-hibernate-orm-rest-data-panache-1.10.1.Final.jar:/home/suca/.m2/repository/io/quarkus/quarkus-rest-data-panache/1.10.1.Final/quarkus-rest-data-panache-1.10.1.Final.jar:/home/suca/.m2/repository/org/jboss/resteasy/resteasy-links/4.5.8.Final/resteasy-links-4.5.8.Final.jar:/home/suca/.m2/repository/org/jboss/spec/javax/ws/rs/jboss-jaxrs-api_2.1_spec/2.0.1.Final/jboss-jaxrs-api_2.1_spec-2.0.1.Final.jar:/home/suca/.m2/repository/org/jboss/spec/javax/el/jboss-el-api_3.0_spec/2.0.0.Final/jboss-el-api_3.0_spec-2.0.0.Final.jar:/home/suca/.m2/repository/org/optaplanner/optaplanner-quarkus/8.0.0.Final/optaplanner-quarkus-8.0.0.Final.jar:/home/suca/.m2/repository/org/optaplanner/optaplanner-core/8.0.0.Final/optaplanner-core-8.0.0.Final.jar:/home/suca/.m2/repository/org/kie/kogito/kogito-api/1.0.0.Final/kogito-api-1.0.0.Final.jar:/home/suca/.m2/repository/org/kie/kogito/kogito-internal/1.0.0.Final/kogito-internal-1.0.0.Final.jar:/home/suca/.m2/repository/org/kie/kogito/kogito-drools-model/1.0.0.Final/kogito-drools-model-1.0.0.Final.jar:/home/suca/.m2/repository/org/drools/drools-model-compiler/7.46.0.Final/drools-model-compiler-7.46.0.Final.jar:/home/suca/.m2/repository/org/drools/drools-canonical-model/7.46.0.Final/drools-canonical-model-7.46.0.Final.jar:/home/suca/.m2/repository/com/github/javaparser/javaparser-core/3.13.10/javaparser-core-3.13.10.jar:/home/suca/.m2/repository/org/drools/drools-mvel-parser/7.46.0.Final/drools-mvel-parser-7.46.0.Final.jar:/home/suca/.m2/repository/org/drools/drools-mvel-compiler/7.46.0.Final/drools-mvel-compiler-7.46.0.Final.jar:/home/suca/.m2/repository/org/kie/kogito/drools-core/1.0.0.Final/drools-core-1.0.0.Final.jar:/home/suca/.m2/repository/org/drools/drools-core/7.46.0.Final/drools-core-7.46.0.Final.jar:/home/suca/.m2/repository/org/kie/soup/kie-soup-xstream/7.46.0.Final/kie-soup-xstream-7.46.0.Final.jar:/home/suca/.m2/repository/org/kie/kogito/kogito-services/1.0.0.Final/kogito-services-1.0.0.Final.jar:/home/suca/.m2/repository/org/kie/kogito/drools-compiler/1.0.0.Final/drools-compiler-1.0.0.Final.jar:/home/suca/.m2/repository/org/drools/drools-compiler/7.46.0.Final/drools-compiler-7.46.0.Final.jar:/home/suca/.m2/repository/org/kie/soup/kie-soup-maven-support/7.46.0.Final/kie-soup-maven-support-7.46.0.Final.jar:/home/suca/.m2/repository/org/kie/soup/kie-soup-commons/7.46.0.Final/kie-soup-commons-7.46.0.Final.jar:/home/suca/.m2/repository/org/antlr/antlr-runtime/3.5.2/antlr-runtime-3.5.2.jar:/home/suca/.m2/repository/org/apache/commons/commons-lang3/3.9/commons-lang3-3.9.jar:/home/suca/.m2/repository/org/apache/commons/commons-math3/3.4.1/commons-math3-3.4.1.jar:/home/suca/.m2/repository/jakarta/xml/bind/jakarta.xml.bind-api/2.3.3/jakarta.xml.bind-api-2.3.3.jar:/home/suca/.m2/repository/jakarta/activation/jakarta.activation-api/1.2.1/jakarta.activation-api-1.2.1.jar:/home/suca/.m2/repository/org/kie/kogito/drools-core-static/1.0.0.Final/drools-core-static-1.0.0.Final.jar:/home/suca/.m2/repository/org/drools/drools-core-reflective/7.46.0.Final/drools-core-reflective-7.46.0.Final.jar:/home/suca/.m2/repository/org/optaplanner/optaplanner-quarkus-jackson/8.0.0.Final/optaplanner-quarkus-jackson-8.0.0.Final.jar:/home/suca/.m2/repository/org/optaplanner/optaplanner-persistence-jackson/8.0.0.Final/optaplanner-persistence-jackson-8.0.0.Final.jar:/home/suca/.m2/repository/org/optaplanner/optaplanner-persistence-common/8.0.0.Final/optaplanner-persistence-common-8.0.0.Final.jar:/home/suca/.m2/repository/com/fasterxml/jackson/core/jackson-databind/2.11.3/jackson-databind-2.11.3.jar:/home/suca/.m2/repository/jakarta/inject/jakarta.inject-api/1.0/jakarta.inject-api-1.0.jar:/home/suca/.m2/repository/io/quarkus/quarkus-junit5/1.10.1.Final/quarkus-junit5-1.10.1.Final.jar:/home/suca/.m2/repository/io/quarkus/quarkus-bootstrap-core/1.10.1.Final/quarkus-bootstrap-core-1.10.1.Final.jar:/home/suca/.m2/repository/io/quarkus/quarkus-bootstrap-app-model/1.10.1.Final/quarkus-bootstrap-app-model-1.10.1.Final.jar:/home/suca/.m2/repository/io/quarkus/quarkus-bootstrap-maven-resolver/1.10.1.Final/quarkus-bootstrap-maven-resolver-1.10.1.Final.jar:/home/suca/.m2/repository/org/apache/maven/maven-embedder/3.6.3/maven-embedder-3.6.3.jar:/home/suca/.m2/repository/org/apache/maven/maven-settings/3.6.3/maven-settings-3.6.3.jar:/home/suca/.m2/repository/org/apache/maven/maven-core/3.6.3/maven-core-3.6.3.jar:/home/suca/.m2/repository/org/apache/maven/maven-artifact/3.6.3/maven-artifact-3.6.3.jar:/home/suca/.m2/repository/org/codehaus/plexus/plexus-component-annotations/2.1.0/plexus-component-annotations-2.1.0.jar:/home/suca/.m2/repository/org/apache/maven/maven-plugin-api/3.6.3/maven-plugin-api-3.6.3.jar:/home/suca/.m2/repository/org/apache/maven/maven-model/3.6.3/maven-model-3.6.3.jar:/home/suca/.m2/repository/org/apache/maven/maven-model-builder/3.6.3/maven-model-builder-3.6.3.jar:/home/suca/.m2/repository/org/apache/maven/maven-builder-support/3.6.3/maven-builder-support-3.6.3.jar:/home/suca/.m2/repository/org/apache/maven/resolver/maven-resolver-api/1.4.1/maven-resolver-api-1.4.1.jar:/home/suca/.m2/repository/org/apache/maven/resolver/maven-resolver-util/1.4.1/maven-resolver-util-1.4.1.jar:/home/suca/.m2/repository/org/apache/maven/shared/maven-shared-utils/3.2.1/maven-shared-utils-3.2.1.jar:/home/suca/.m2/repository/commons-io/commons-io/2.8.0/commons-io-2.8.0.jar:/home/suca/.m2/repository/com/google/inject/guice/4.2.1/guice-4.2.1-no_aop.jar:/home/suca/.m2/repository/com/google/guava/guava/30.0-jre/guava-30.0-jre.jar:/home/suca/.m2/repository/com/google/guava/failureaccess/1.0.1/failureaccess-1.0.1.jar:/home/suca/.m2/repository/com/google/guava/listenablefuture/9999.0-empty-to-avoid-conflict-with-guava/listenablefuture-9999.0-empty-to-avoid-conflict-with-guava.jar:/home/suca/.m2/repository/org/codehaus/plexus/plexus-utils/3.2.1/plexus-utils-3.2.1.jar:/home/suca/.m2/repository/org/codehaus/plexus/plexus-classworlds/2.6.0/plexus-classworlds-2.6.0.jar:/home/suca/.m2/repository/commons-cli/commons-cli/1.4/commons-cli-1.4.jar:/home/suca/.m2/repository/org/eclipse/sisu/org.eclipse.sisu.plexus/0.3.4/org.eclipse.sisu.plexus-0.3.4.jar:/home/suca/.m2/repository/org/apache/maven/maven-settings-builder/3.6.3/maven-settings-builder-3.6.3.jar:/home/suca/.m2/repository/org/codehaus/plexus/plexus-interpolation/1.25/plexus-interpolation-1.25.jar:/home/suca/.m2/repository/org/sonatype/plexus/plexus-sec-dispatcher/1.4/plexus-sec-dispatcher-1.4.jar:/home/suca/.m2/repository/org/sonatype/plexus/plexus-cipher/1.4/plexus-cipher-1.4.jar:/home/suca/.m2/repository/org/apache/maven/maven-resolver-provider/3.6.3/maven-resolver-provider-3.6.3.jar:/home/suca/.m2/repository/org/apache/maven/maven-repository-metadata/3.6.3/maven-repository-metadata-3.6.3.jar:/home/suca/.m2/repository/org/apache/maven/resolver/maven-resolver-spi/1.4.1/maven-resolver-spi-1.4.1.jar:/home/suca/.m2/repository/org/apache/maven/resolver/maven-resolver-impl/1.4.1/maven-resolver-impl-1.4.1.jar:/home/suca/.m2/repository/org/apache/maven/resolver/maven-resolver-connector-basic/1.4.1/maven-resolver-connector-basic-1.4.1.jar:/home/suca/.m2/repository/org/apache/maven/resolver/maven-resolver-transport-wagon/1.4.1/maven-resolver-transport-wagon-1.4.1.jar:/home/suca/.m2/repository/org/apache/maven/wagon/wagon-http/3.3.4/wagon-http-3.3.4.jar:/home/suca/.m2/repository/org/apache/maven/wagon/wagon-http-shared/3.3.4/wagon-http-shared-3.3.4.jar:/home/suca/.m2/repository/org/jsoup/jsoup/1.12.1/jsoup-1.12.1.jar:/home/suca/.m2/repository/org/apache/maven/wagon/wagon-provider-api/3.3.4/wagon-provider-api-3.3.4.jar:/home/suca/.m2/repository/org/apache/maven/wagon/wagon-file/3.3.4/wagon-file-3.3.4.jar:/home/suca/.m2/repository/io/quarkus/quarkus-bootstrap-gradle-resolver/1.10.1.Final/quarkus-bootstrap-gradle-resolver-1.10.1.Final.jar:/home/suca/.m2/repository/io/smallrye/common/smallrye-common-io/1.4.1/smallrye-common-io-1.4.1.jar:/home/suca/.m2/repository/org/eclipse/sisu/org.eclipse.sisu.inject/0.3.4/org.eclipse.sisu.inject-0.3.4.jar:/home/suca/.m2/repository/io/quarkus/quarkus-test-common/1.10.1.Final/quarkus-test-common-1.10.1.Final.jar:/home/suca/.m2/repository/io/quarkus/quarkus-core-deployment/1.10.1.Final/quarkus-core-deployment-1.10.1.Final.jar:/home/suca/.m2/repository/io/quarkus/gizmo/gizmo/1.0.6.Final/gizmo-1.0.6.Final.jar:/home/suca/.m2/repository/org/ow2/asm/asm-util/9.0/asm-util-9.0.jar:/home/suca/.m2/repository/org/ow2/asm/asm-tree/9.0/asm-tree-9.0.jar:/home/suca/.m2/repository/org/ow2/asm/asm-analysis/9.0/asm-analysis-9.0.jar:/home/suca/.m2/repository/io/quarkus/quarkus-devtools-utilities/1.10.1.Final/quarkus-devtools-utilities-1.10.1.Final.jar:/home/suca/.m2/repository/io/quarkus/quarkus-builder/1.10.1.Final/quarkus-builder-1.10.1.Final.jar:/home/suca/.m2/repository/io/quarkus/quarkus-jsonp-deployment/1.10.1.Final/quarkus-jsonp-deployment-1.10.1.Final.jar:/home/suca/.m2/repository/io/quarkus/quarkus-jsonp/1.10.1.Final/quarkus-jsonp-1.10.1.Final.jar:/home/suca/.m2/repository/org/glassfish/jakarta.json/1.1.6/jakarta.json-1.1.6.jar:/home/suca/.m2/repository/org/jboss/jandex/2.2.1.Final/jandex-2.2.1.Final.jar:/home/suca/.m2/repository/org/jboss/logging/commons-logging-jboss-logging/1.0.0.Final/commons-logging-jboss-logging-1.0.0.Final.jar:/home/suca/.m2/repository/org/junit/jupiter/junit-jupiter/5.7.0/junit-jupiter-5.7.0.jar:/home/suca/.m2/repository/org/junit/jupiter/junit-jupiter-params/5.7.0/junit-jupiter-params-5.7.0.jar:/home/suca/.m2/repository/org/junit/jupiter/junit-jupiter-engine/5.7.0/junit-jupiter-engine-5.7.0.jar:/home/suca/.m2/repository/org/junit/platform/junit-platform-engine/1.7.0/junit-platform-engine-1.7.0.jar:/home/suca/.m2/repository/com/thoughtworks/xstream/xstream/1.4.13/xstream-1.4.13.jar:/home/suca/.m2/repository/xmlpull/xmlpull/1.1.3.1/xmlpull-1.1.3.1.jar:/home/suca/.m2/repository/xpp3/xpp3_min/1.1.4c/xpp3_min-1.1.4c.jar:/home/suca/.m2/repository/io/quarkus/quarkus-test-h2/1.10.1.Final/quarkus-test-h2-1.10.1.Final.jar:/home/suca/.m2/repository/io/rest-assured/rest-assured/4.3.2/rest-assured-4.3.2.jar:/home/suca/.m2/repository/org/codehaus/groovy/groovy/3.0.6/groovy-3.0.6.jar:/home/suca/.m2/repository/org/codehaus/groovy/groovy-xml/3.0.6/groovy-xml-3.0.6.jar:/home/suca/.m2/repository/org/apache/httpcomponents/httpclient/4.5.13/httpclient-4.5.13.jar:/home/suca/.m2/repository/org/apache/httpcomponents/httpcore/4.4.13/httpcore-4.4.13.jar:/home/suca/.m2/repository/commons-codec/commons-codec/1.14/commons-codec-1.14.jar:/home/suca/.m2/repository/org/apache/httpcomponents/httpmime/4.5.13/httpmime-4.5.13.jar:/home/suca/.m2/repository/org/hamcrest/hamcrest/2.1/hamcrest-2.1.jar:/home/suca/.m2/repository/org/ccil/cowan/tagsoup/tagsoup/1.2.1/tagsoup-1.2.1.jar:/home/suca/.m2/repository/io/rest-assured/json-path/4.3.2/json-path-4.3.2.jar:/home/suca/.m2/repository/org/codehaus/groovy/groovy-json/3.0.6/groovy-json-3.0.6.jar:/home/suca/.m2/repository/io/rest-assured/rest-assured-common/4.3.2/rest-assured-common-4.3.2.jar:/home/suca/.m2/repository/io/rest-assured/xml-path/4.3.2/xml-path-4.3.2.jar:/home/suca/.m2/repository/com/sun/xml/bind/jaxb-impl/2.3.3/jaxb-impl-2.3.3.jar:/home/suca/.m2/repository/org/optaplanner/optaplanner-test/8.0.0.Final/optaplanner-test-8.0.0.Final.jar:/home/suca/.m2/repository/org/junit/jupiter/junit-jupiter-api/5.7.0/junit-jupiter-api-5.7.0.jar:/home/suca/.m2/repository/org/apiguardian/apiguardian-api/1.1.0/apiguardian-api-1.1.0.jar:/home/suca/.m2/repository/org/opentest4j/opentest4j/1.2.0/opentest4j-1.2.0.jar:/home/suca/.m2/repository/org/junit/platform/junit-platform-commons/1.7.0/junit-platform-commons-1.7.0.jar:/home/suca/.m2/repository/io/quarkus/quarkus-webjars-locator/1.10.1.Final/quarkus-webjars-locator-1.10.1.Final.jar:/home/suca/.m2/repository/org/webjars/bootstrap/4.3.1/bootstrap-4.3.1.jar:/home/suca/.m2/repository/org/webjars/popper.js/1.14.3/popper.js-1.14.3.jar:/home/suca/.m2/repository/org/webjars/jquery/3.4.1/jquery-3.4.1.jar:/home/suca/.m2/repository/org/webjars/font-awesome/5.11.2/font-awesome-5.11.2.jar:/home/suca/.m2/repository/org/webjars/momentjs/2.24.0/momentjs-2.24.0.jar:"/>
    <property name="java.vm.vendor" value="Private Build"/>
    <property name="sun.arch.data.model" value="64"/>
    <property name="java.vendor.url" value="http://java.oracle.com/"/>
    <property name="user.timezone" value=""/>
    <property name="java.vm.specification.version" value="1.8"/>
    <property name="os.name" value="Linux"/>
    <property name="user.country" value="US"/>
    <property name="sun.java.launcher" value="SUN_STANDARD"/>
    <property name="sun.boot.library.path" value="/usr/lib/jvm/java-8-openjdk-amd64/jre/lib/amd64"/>
    <property name="sun.java.command" value="/home/suca/Documents/Work/Local/University/year04/sem01/ESDE/OctaPlanner/Workshop/Repository/optaplanner-workshop/target/surefire/surefirebooter9194821497759998792.jar /home/suca/Documents/Work/Local/University/year04/sem01/ESDE/OctaPlanner/Workshop/Repository/optaplanner-workshop/target/surefire 2020-12-03T13-37-23_476-jvmRun1 surefire8482503496677816369tmp surefire_05912237334721092331tmp"/>
    <property name="surefire.test.class.path" value="/home/suca/Documents/Work/Local/University/year04/sem01/ESDE/OctaPlanner/Workshop/Repository/optaplanner-workshop/target/test-classes:/home/suca/Documents/Work/Local/University/year04/sem01/ESDE/OctaPlanner/Workshop/Repository/optaplanner-workshop/target/classes:/home/suca/.m2/repository/io/quarkus/quarkus-resteasy/1.10.1.Final/quarkus-resteasy-1.10.1.Final.jar:/home/suca/.m2/repository/io/quarkus/quarkus-vertx-http/1.10.1.Final/quarkus-vertx-http-1.10.1.Final.jar:/home/suca/.m2/repository/io/quarkus/quarkus-security-runtime-spi/1.10.1.Final/quarkus-security-runtime-spi-1.10.1.Final.jar:/home/suca/.m2/repository/io/quarkus/security/quarkus-security/1.1.3.Final/quarkus-security-1.1.3.Final.jar:/home/suca/.m2/repository/io/smallrye/reactive/mutiny/0.11.0/mutiny-0.11.0.jar:/home/suca/.m2/repository/org/reactivestreams/reactive-streams/1.0.3/reactive-streams-1.0.3.jar:/home/suca/.m2/repository/io/quarkus/quarkus-vertx-core/1.10.1.Final/quarkus-vertx-core-1.10.1.Final.jar:/home/suca/.m2/repository/io/quarkus/quarkus-netty/1.10.1.Final/quarkus-netty-1.10.1.Final.jar:/home/suca/.m2/repository/io/netty/netty-codec/4.1.49.Final/netty-codec-4.1.49.Final.jar:/home/suca/.m2/repository/io/netty/netty-handler/4.1.49.Final/netty-handler-4.1.49.Final.jar:/home/suca/.m2/repository/io/vertx/vertx-core/3.9.4/vertx-core-3.9.4.jar:/home/suca/.m2/repository/io/netty/netty-common/4.1.49.Final/netty-common-4.1.49.Final.jar:/home/suca/.m2/repository/io/netty/netty-buffer/4.1.49.Final/netty-buffer-4.1.49.Final.jar:/home/suca/.m2/repository/io/netty/netty-transport/4.1.49.Final/netty-transport-4.1.49.Final.jar:/home/suca/.m2/repository/io/netty/netty-handler-proxy/4.1.49.Final/netty-handler-proxy-4.1.49.Final.jar:/home/suca/.m2/repository/io/netty/netty-codec-socks/4.1.49.Final/netty-codec-socks-4.1.49.Final.jar:/home/suca/.m2/repository/io/netty/netty-codec-http/4.1.49.Final/netty-codec-http-4.1.49.Final.jar:/home/suca/.m2/repository/io/netty/netty-codec-http2/4.1.49.Final/netty-codec-http2-4.1.49.Final.jar:/home/suca/.m2/repository/io/netty/netty-resolver/4.1.49.Final/netty-resolver-4.1.49.Final.jar:/home/suca/.m2/repository/io/netty/netty-resolver-dns/4.1.49.Final/netty-resolver-dns-4.1.49.Final.jar:/home/suca/.m2/repository/io/netty/netty-codec-dns/4.1.49.Final/netty-codec-dns-4.1.49.Final.jar:/home/suca/.m2/repository/io/vertx/vertx-web/3.9.4/vertx-web-3.9.4.jar:/home/suca/.m2/repository/io/vertx/vertx-web-common/3.9.4/vertx-web-common-3.9.4.jar:/home/suca/.m2/repository/io/vertx/vertx-auth-common/3.9.4/vertx-auth-common-3.9.4.jar:/home/suca/.m2/repository/io/vertx/vertx-bridge-common/3.9.4/vertx-bridge-common-3.9.4.jar:/home/suca/.m2/repository/io/quarkus/quarkus-resteasy-server-common/1.10.1.Final/quarkus-resteasy-server-common-1.10.1.Final.jar:/home/suca/.m2/repository/io/quarkus/quarkus-resteasy-common/1.10.1.Final/quarkus-resteasy-common-1.10.1.Final.jar:/home/suca/.m2/repository/org/jboss/resteasy/resteasy-core/4.5.8.Final/resteasy-core-4.5.8.Final.jar:/home/suca/.m2/repository/org/jboss/resteasy/resteasy-core-spi/4.5.8.Final/resteasy-core-spi-4.5.8.Final.jar:/home/suca/.m2/repository/com/ibm/async/asyncutil/0.1.0/asyncutil-0.1.0.jar:/home/suca/.m2/repository/org/eclipse/microprofile/config/microprofile-config-api/1.4/microprofile-config-api-1.4.jar:/home/suca/.m2/repository/com/sun/activation/jakarta.activation/1.2.1/jakarta.activation-1.2.1.jar:/home/suca/.m2/repository/jakarta/validation/jakarta.validation-api/2.0.2/jakarta.validation-api-2.0.2.jar:/home/suca/.m2/repository/io/quarkus/quarkus-resteasy-jackson/1.10.1.Final/quarkus-resteasy-jackson-1.10.1.Final.jar:/home/suca/.m2/repository/io/quarkus/quarkus-jackson/1.10.1.Final/quarkus-jackson-1.10.1.Final.jar:/home/suca/.m2/repository/com/fasterxml/jackson/datatype/jackson-datatype-jsr310/2.11.3/jackson-datatype-jsr310-2.11.3.jar:/home/suca/.m2/repository/com/fasterxml/jackson/datatype/jackson-datatype-jdk8/2.11.3/jackson-datatype-jdk8-2.11.3.jar:/home/suca/.m2/repository/com/fasterxml/jackson/module/jackson-module-parameter-names/2.11.3/jackson-module-parameter-names-2.11.3.jar:/home/suca/.m2/repository/org/jboss/resteasy/resteasy-jackson2-provider/4.5.8.Final/resteasy-jackson2-provider-4.5.8.Final.jar:/home/suca/.m2/repository/org/jboss/resteasy/resteasy-jaxb-provider/4.5.8.Final/resteasy-jaxb-provider-4.5.8.Final.jar:/home/suca/.m2/repository/com/fasterxml/jackson/core/jackson-core/2.11.3/jackson-core-2.11.3.jar:/home/suca/.m2/repository/com/fasterxml/jackson/core/jackson-annotations/2.11.3/jackson-annotations-2.11.3.jar:/home/suca/.m2/repository/com/fasterxml/jackson/jaxrs/jackson-jaxrs-json-provider/2.11.3/jackson-jaxrs-json-provider-2.11.3.jar:/home/suca/.m2/repository/com/fasterxml/jackson/jaxrs/jackson-jaxrs-base/2.11.3/jackson-jaxrs-base-2.11.3.jar:/home/suca/.m2/repository/com/fasterxml/jackson/module/jackson-module-jaxb-annotations/2.11.3/jackson-module-jaxb-annotations-2.11.3.jar:/home/suca/.m2/repository/com/github/java-json-tools/json-patch/1.13/json-patch-1.13.jar:/home/suca/.m2/repository/com/github/java-json-tools/msg-simple/1.2/msg-simple-1.2.jar:/home/suca/.m2/repository/com/github/java-json-tools/btf/1.3/btf-1.3.jar:/home/suca/.m2/repository/com/github/java-json-tools/jackson-coreutils/2.0/jackson-coreutils-2.0.jar:/home/suca/.m2/repository/org/jboss/logging/jboss-logging/3.4.1.Final/jboss-logging-3.4.1.Final.jar:/home/suca/.m2/repository/org/jboss/spec/javax/xml/bind/jboss-jaxb-api_2.3_spec/2.0.0.Final/jboss-jaxb-api_2.3_spec-2.0.0.Final.jar:/home/suca/.m2/repository/io/quarkus/quarkus-hibernate-orm-panache/1.10.1.Final/quarkus-hibernate-orm-panache-1.10.1.Final.jar:/home/suca/.m2/repository/io/quarkus/quarkus-core/1.10.1.Final/quarkus-core-1.10.1.Final.jar:/home/suca/.m2/repository/jakarta/annotation/jakarta.annotation-api/1.3.5/jakarta.annotation-api-1.3.5.jar:/home/suca/.m2/repository/jakarta/enterprise/jakarta.enterprise.cdi-api/2.0.2/jakarta.enterprise.cdi-api-2.0.2.jar:/home/suca/.m2/repository/jakarta/el/jakarta.el-api/3.0.3/jakarta.el-api-3.0.3.jar:/home/suca/.m2/repository/jakarta/interceptor/jakarta.interceptor-api/1.2.5/jakarta.interceptor-api-1.2.5.jar:/home/suca/.m2/repository/io/quarkus/quarkus-ide-launcher/1.10.1.Final/quarkus-ide-launcher-1.10.1.Final.jar:/home/suca/.m2/repository/io/quarkus/quarkus-development-mode-spi/1.10.1.Final/quarkus-development-mode-spi-1.10.1.Final.jar:/home/suca/.m2/repository/io/smallrye/config/smallrye-config/1.9.3/smallrye-config-1.9.3.jar:/home/suca/.m2/repository/io/smallrye/common/smallrye-common-annotation/1.4.1/smallrye-common-annotation-1.4.1.jar:/home/suca/.m2/repository/io/smallrye/config/smallrye-config-common/1.9.3/smallrye-config-common-1.9.3.jar:/home/suca/.m2/repository/io/smallrye/common/smallrye-common-expression/1.4.1/smallrye-common-expression-1.4.1.jar:/home/suca/.m2/repository/io/smallrye/common/smallrye-common-function/1.4.1/smallrye-common-function-1.4.1.jar:/home/suca/.m2/repository/io/smallrye/common/smallrye-common-constraint/1.4.1/smallrye-common-constraint-1.4.1.jar:/home/suca/.m2/repository/io/smallrye/common/smallrye-common-classloader/1.4.1/smallrye-common-classloader-1.4.1.jar:/home/suca/.m2/repository/org/ow2/asm/asm/9.0/asm-9.0.jar:/home/suca/.m2/repository/org/jboss/logmanager/jboss-logmanager-embedded/1.0.6/jboss-logmanager-embedded-1.0.6.jar:/home/suca/.m2/repository/org/jboss/logging/jboss-logging-annotations/2.1.0.Final/jboss-logging-annotations-2.1.0.Final.jar:/home/suca/.m2/repository/org/jboss/threads/jboss-threads/3.1.1.Final/jboss-threads-3.1.1.Final.jar:/home/suca/.m2/repository/org/slf4j/slf4j-api/1.7.30/slf4j-api-1.7.30.jar:/home/suca/.m2/repository/org/jboss/slf4j/slf4j-jboss-logmanager/1.1.0.Final/slf4j-jboss-logmanager-1.1.0.Final.jar:/home/suca/.m2/repository/org/graalvm/sdk/graal-sdk/20.2.0/graal-sdk-20.2.0.jar:/home/suca/.m2/repository/org/wildfly/common/wildfly-common/1.5.4.Final-format-001/wildfly-common-1.5.4.Final-format-001.jar:/home/suca/.m2/repository/io/quarkus/quarkus-bootstrap-runner/1.10.1.Final/quarkus-bootstrap-runner-1.10.1.Final.jar:/home/suca/.m2/repository/io/quarkus/quarkus-hibernate-orm/1.10.1.Final/quarkus-hibernate-orm-1.10.1.Final.jar:/home/suca/.m2/repository/io/quarkus/quarkus-agroal/1.10.1.Final/quarkus-agroal-1.10.1.Final.jar:/home/suca/.m2/repository/io/quarkus/quarkus-datasource/1.10.1.Final/quarkus-datasource-1.10.1.Final.jar:/home/suca/.m2/repository/io/quarkus/quarkus-datasource-common/1.10.1.Final/quarkus-datasource-common-1.10.1.Final.jar:/home/suca/.m2/repository/org/jboss/narayana/jta/narayana-jta/5.10.6.Final/narayana-jta-5.10.6.Final.jar:/home/suca/.m2/repository/org/jboss/jboss-transaction-spi/7.6.0.Final/jboss-transaction-spi-7.6.0.Final.jar:/home/suca/.m2/repository/org/jboss/spec/javax/resource/jboss-connector-api_1.7_spec/1.0.0.Final/jboss-connector-api_1.7_spec-1.0.0.Final.jar:/home/suca/.m2/repository/org/jboss/narayana/jts/narayana-jts-integration/5.10.6.Final/narayana-jts-integration-5.10.6.Final.jar:/home/suca/.m2/repository/io/agroal/agroal-api/1.9/agroal-api-1.9.jar:/home/suca/.m2/repository/io/agroal/agroal-narayana/1.9/agroal-narayana-1.9.jar:/home/suca/.m2/repository/io/agroal/agroal-pool/1.9/agroal-pool-1.9.jar:/home/suca/.m2/repository/io/quarkus/quarkus-credentials/1.10.1.Final/quarkus-credentials-1.10.1.Final.jar:/home/suca/.m2/repository/io/quarkus/quarkus-narayana-jta/1.10.1.Final/quarkus-narayana-jta-1.10.1.Final.jar:/home/suca/.m2/repository/io/quarkus/quarkus-mutiny/1.10.1.Final/quarkus-mutiny-1.10.1.Final.jar:/home/suca/.m2/repository/io/quarkus/quarkus-smallrye-context-propagation/1.10.1.Final/quarkus-smallrye-context-propagation-1.10.1.Final.jar:/home/suca/.m2/repository/io/smallrye/smallrye-context-propagation/1.0.19/smallrye-context-propagation-1.0.19.jar:/home/suca/.m2/repository/io/smallrye/smallrye-context-propagation-api/1.0.19/smallrye-context-propagation-api-1.0.19.jar:/home/suca/.m2/repository/io/smallrye/reactive/mutiny-context-propagation/0.11.0/mutiny-context-propagation-0.11.0.jar:/home/suca/.m2/repository/io/smallrye/smallrye-context-propagation-jta/1.0.19/smallrye-context-propagation-jta-1.0.19.jar:/home/suca/.m2/repository/io/smallrye/reactive/smallrye-reactive-converter-api/1.2.2/smallrye-reactive-converter-api-1.2.2.jar:/home/suca/.m2/repository/io/smallrye/reactive/smallrye-reactive-converter-mutiny/1.2.2/smallrye-reactive-converter-mutiny-1.2.2.jar:/home/suca/.m2/repository/org/hibernate/hibernate-core/5.4.24.Final/hibernate-core-5.4.24.Final.jar:/home/suca/.m2/repository/net/bytebuddy/byte-buddy/1.10.17/byte-buddy-1.10.17.jar:/home/suca/.m2/repository/antlr/antlr/2.7.7/antlr-2.7.7.jar:/home/suca/.m2/repository/com/fasterxml/classmate/1.3.4/classmate-1.3.4.jar:/home/suca/.m2/repository/org/dom4j/dom4j/2.1.3/dom4j-2.1.3.jar:/home/suca/.m2/repository/org/hibernate/common/hibernate-commons-annotations/5.1.2.Final/hibernate-commons-annotations-5.1.2.Final.jar:/home/suca/.m2/repository/org/hibernate/hibernate-graalvm/5.4.24.Final/hibernate-graalvm-5.4.24.Final.jar:/home/suca/.m2/repository/org/glassfish/jaxb/jaxb-runtime/2.3.3-b02/jaxb-runtime-2.3.3-b02.jar:/home/suca/.m2/repository/org/glassfish/jaxb/txw2/2.3.3-b02/txw2-2.3.3-b02.jar:/home/suca/.m2/repository/com/sun/istack/istack-commons-runtime/3.0.10/istack-commons-runtime-3.0.10.jar:/home/suca/.m2/repository/jakarta/persistence/jakarta.persistence-api/2.2.3/jakarta.persistence-api-2.2.3.jar:/home/suca/.m2/repository/jakarta/transaction/jakarta.transaction-api/1.3.3/jakarta.transaction-api-1.3.3.jar:/home/suca/.m2/repository/org/hibernate/quarkus-local-cache/0.1.0/quarkus-local-cache-0.1.0.jar:/home/suca/.m2/repository/com/github/ben-manes/caffeine/caffeine/2.8.6/caffeine-2.8.6.jar:/home/suca/.m2/repository/com/google/errorprone/error_prone_annotations/2.2.0/error_prone_annotations-2.2.0.jar:/home/suca/.m2/repository/io/quarkus/quarkus-caffeine/1.10.1.Final/quarkus-caffeine-1.10.1.Final.jar:/home/suca/.m2/repository/io/quarkus/quarkus-hibernate-orm-panache-common/1.10.1.Final/quarkus-hibernate-orm-panache-common-1.10.1.Final.jar:/home/suca/.m2/repository/io/quarkus/quarkus-panache-hibernate-common/1.10.1.Final/quarkus-panache-hibernate-common-1.10.1.Final.jar:/home/suca/.m2/repository/io/quarkus/quarkus-arc/1.10.1.Final/quarkus-arc-1.10.1.Final.jar:/home/suca/.m2/repository/io/quarkus/arc/arc/1.10.1.Final/arc-1.10.1.Final.jar:/home/suca/.m2/repository/org/eclipse/microprofile/context-propagation/microprofile-context-propagation-api/1.0.1/microprofile-context-propagation-api-1.0.1.jar:/home/suca/.m2/repository/io/quarkus/quarkus-panache-common/1.10.1.Final/quarkus-panache-common-1.10.1.Final.jar:/home/suca/.m2/repository/io/quarkus/quarkus-jdbc-h2/1.10.1.Final/quarkus-jdbc-h2-1.10.1.Final.jar:/home/suca/.m2/repository/com/h2database/h2/1.4.197/h2-1.4.197.jar:/home/suca/.m2/repository/org/locationtech/jts/jts-core/1.15.0/jts-core-1.15.0.jar:/home/suca/.m2/repository/io/quarkus/quarkus-hibernate-orm-rest-data-panache/1.10.1.Final/quarkus-hibernate-orm-rest-data-panache-1.10.1.Final.jar:/home/suca/.m2/repository/io/quarkus/quarkus-rest-data-panache/1.10.1.Final/quarkus-rest-data-panache-1.10.1.Final.jar:/home/suca/.m2/repository/org/jboss/resteasy/resteasy-links/4.5.8.Final/resteasy-links-4.5.8.Final.jar:/home/suca/.m2/repository/org/jboss/spec/javax/ws/rs/jboss-jaxrs-api_2.1_spec/2.0.1.Final/jboss-jaxrs-api_2.1_spec-2.0.1.Final.jar:/home/suca/.m2/repository/org/jboss/spec/javax/el/jboss-el-api_3.0_spec/2.0.0.Final/jboss-el-api_3.0_spec-2.0.0.Final.jar:/home/suca/.m2/repository/org/optaplanner/optaplanner-quarkus/8.0.0.Final/optaplanner-quarkus-8.0.0.Final.jar:/home/suca/.m2/repository/org/optaplanner/optaplanner-core/8.0.0.Final/optaplanner-core-8.0.0.Final.jar:/home/suca/.m2/repository/org/kie/kogito/kogito-api/1.0.0.Final/kogito-api-1.0.0.Final.jar:/home/suca/.m2/repository/org/kie/kogito/kogito-internal/1.0.0.Final/kogito-internal-1.0.0.Final.jar:/home/suca/.m2/repository/org/kie/kogito/kogito-drools-model/1.0.0.Final/kogito-drools-model-1.0.0.Final.jar:/home/suca/.m2/repository/org/drools/drools-model-compiler/7.46.0.Final/drools-model-compiler-7.46.0.Final.jar:/home/suca/.m2/repository/org/drools/drools-canonical-model/7.46.0.Final/drools-canonical-model-7.46.0.Final.jar:/home/suca/.m2/repository/com/github/javaparser/javaparser-core/3.13.10/javaparser-core-3.13.10.jar:/home/suca/.m2/repository/org/drools/drools-mvel-parser/7.46.0.Final/drools-mvel-parser-7.46.0.Final.jar:/home/suca/.m2/repository/org/drools/drools-mvel-compiler/7.46.0.Final/drools-mvel-compiler-7.46.0.Final.jar:/home/suca/.m2/repository/org/kie/kogito/drools-core/1.0.0.Final/drools-core-1.0.0.Final.jar:/home/suca/.m2/repository/org/drools/drools-core/7.46.0.Final/drools-core-7.46.0.Final.jar:/home/suca/.m2/repository/org/kie/soup/kie-soup-xstream/7.46.0.Final/kie-soup-xstream-7.46.0.Final.jar:/home/suca/.m2/repository/org/kie/kogito/kogito-services/1.0.0.Final/kogito-services-1.0.0.Final.jar:/home/suca/.m2/repository/org/kie/kogito/drools-compiler/1.0.0.Final/drools-compiler-1.0.0.Final.jar:/home/suca/.m2/repository/org/drools/drools-compiler/7.46.0.Final/drools-compiler-7.46.0.Final.jar:/home/suca/.m2/repository/org/kie/soup/kie-soup-maven-support/7.46.0.Final/kie-soup-maven-support-7.46.0.Final.jar:/home/suca/.m2/repository/org/kie/soup/kie-soup-commons/7.46.0.Final/kie-soup-commons-7.46.0.Final.jar:/home/suca/.m2/repository/org/antlr/antlr-runtime/3.5.2/antlr-runtime-3.5.2.jar:/home/suca/.m2/repository/org/apache/commons/commons-lang3/3.9/commons-lang3-3.9.jar:/home/suca/.m2/repository/org/apache/commons/commons-math3/3.4.1/commons-math3-3.4.1.jar:/home/suca/.m2/repository/jakarta/xml/bind/jakarta.xml.bind-api/2.3.3/jakarta.xml.bind-api-2.3.3.jar:/home/suca/.m2/repository/jakarta/activation/jakarta.activation-api/1.2.1/jakarta.activation-api-1.2.1.jar:/home/suca/.m2/repository/org/kie/kogito/drools-core-static/1.0.0.Final/drools-core-static-1.0.0.Final.jar:/home/suca/.m2/repository/org/drools/drools-core-reflective/7.46.0.Final/drools-core-reflective-7.46.0.Final.jar:/home/suca/.m2/repository/org/optaplanner/optaplanner-quarkus-jackson/8.0.0.Final/optaplanner-quarkus-jackson-8.0.0.Final.jar:/home/suca/.m2/repository/org/optaplanner/optaplanner-persistence-jackson/8.0.0.Final/optaplanner-persistence-jackson-8.0.0.Final.jar:/home/suca/.m2/repository/org/optaplanner/optaplanner-persistence-common/8.0.0.Final/optaplanner-persistence-common-8.0.0.Final.jar:/home/suca/.m2/repository/com/fasterxml/jackson/core/jackson-databind/2.11.3/jackson-databind-2.11.3.jar:/home/suca/.m2/repository/jakarta/inject/jakarta.inject-api/1.0/jakarta.inject-api-1.0.jar:/home/suca/.m2/repository/io/quarkus/quarkus-junit5/1.10.1.Final/quarkus-junit5-1.10.1.Final.jar:/home/suca/.m2/repository/io/quarkus/quarkus-bootstrap-core/1.10.1.Final/quarkus-bootstrap-core-1.10.1.Final.jar:/home/suca/.m2/repository/io/quarkus/quarkus-bootstrap-app-model/1.10.1.Final/quarkus-bootstrap-app-model-1.10.1.Final.jar:/home/suca/.m2/repository/io/quarkus/quarkus-bootstrap-maven-resolver/1.10.1.Final/quarkus-bootstrap-maven-resolver-1.10.1.Final.jar:/home/suca/.m2/repository/org/apache/maven/maven-embedder/3.6.3/maven-embedder-3.6.3.jar:/home/suca/.m2/repository/org/apache/maven/maven-settings/3.6.3/maven-settings-3.6.3.jar:/home/suca/.m2/repository/org/apache/maven/maven-core/3.6.3/maven-core-3.6.3.jar:/home/suca/.m2/repository/org/apache/maven/maven-artifact/3.6.3/maven-artifact-3.6.3.jar:/home/suca/.m2/repository/org/codehaus/plexus/plexus-component-annotations/2.1.0/plexus-component-annotations-2.1.0.jar:/home/suca/.m2/repository/org/apache/maven/maven-plugin-api/3.6.3/maven-plugin-api-3.6.3.jar:/home/suca/.m2/repository/org/apache/maven/maven-model/3.6.3/maven-model-3.6.3.jar:/home/suca/.m2/repository/org/apache/maven/maven-model-builder/3.6.3/maven-model-builder-3.6.3.jar:/home/suca/.m2/repository/org/apache/maven/maven-builder-support/3.6.3/maven-builder-support-3.6.3.jar:/home/suca/.m2/repository/org/apache/maven/resolver/maven-resolver-api/1.4.1/maven-resolver-api-1.4.1.jar:/home/suca/.m2/repository/org/apache/maven/resolver/maven-resolver-util/1.4.1/maven-resolver-util-1.4.1.jar:/home/suca/.m2/repository/org/apache/maven/shared/maven-shared-utils/3.2.1/maven-shared-utils-3.2.1.jar:/home/suca/.m2/repository/commons-io/commons-io/2.8.0/commons-io-2.8.0.jar:/home/suca/.m2/repository/com/google/inject/guice/4.2.1/guice-4.2.1-no_aop.jar:/home/suca/.m2/repository/com/google/guava/guava/30.0-jre/guava-30.0-jre.jar:/home/suca/.m2/repository/com/google/guava/failureaccess/1.0.1/failureaccess-1.0.1.jar:/home/suca/.m2/repository/com/google/guava/listenablefuture/9999.0-empty-to-avoid-conflict-with-guava/listenablefuture-9999.0-empty-to-avoid-conflict-with-guava.jar:/home/suca/.m2/repository/org/codehaus/plexus/plexus-utils/3.2.1/plexus-utils-3.2.1.jar:/home/suca/.m2/repository/org/codehaus/plexus/plexus-classworlds/2.6.0/plexus-classworlds-2.6.0.jar:/home/suca/.m2/repository/commons-cli/commons-cli/1.4/commons-cli-1.4.jar:/home/suca/.m2/repository/org/eclipse/sisu/org.eclipse.sisu.plexus/0.3.4/org.eclipse.sisu.plexus-0.3.4.jar:/home/suca/.m2/repository/org/apache/maven/maven-settings-builder/3.6.3/maven-settings-builder-3.6.3.jar:/home/suca/.m2/repository/org/codehaus/plexus/plexus-interpolation/1.25/plexus-interpolation-1.25.jar:/home/suca/.m2/repository/org/sonatype/plexus/plexus-sec-dispatcher/1.4/plexus-sec-dispatcher-1.4.jar:/home/suca/.m2/repository/org/sonatype/plexus/plexus-cipher/1.4/plexus-cipher-1.4.jar:/home/suca/.m2/repository/org/apache/maven/maven-resolver-provider/3.6.3/maven-resolver-provider-3.6.3.jar:/home/suca/.m2/repository/org/apache/maven/maven-repository-metadata/3.6.3/maven-repository-metadata-3.6.3.jar:/home/suca/.m2/repository/org/apache/maven/resolver/maven-resolver-spi/1.4.1/maven-resolver-spi-1.4.1.jar:/home/suca/.m2/repository/org/apache/maven/resolver/maven-resolver-impl/1.4.1/maven-resolver-impl-1.4.1.jar:/home/suca/.m2/repository/org/apache/maven/resolver/maven-resolver-connector-basic/1.4.1/maven-resolver-connector-basic-1.4.1.jar:/home/suca/.m2/repository/org/apache/maven/resolver/maven-resolver-transport-wagon/1.4.1/maven-resolver-transport-wagon-1.4.1.jar:/home/suca/.m2/repository/org/apache/maven/wagon/wagon-http/3.3.4/wagon-http-3.3.4.jar:/home/suca/.m2/repository/org/apache/maven/wagon/wagon-http-shared/3.3.4/wagon-http-shared-3.3.4.jar:/home/suca/.m2/repository/org/jsoup/jsoup/1.12.1/jsoup-1.12.1.jar:/home/suca/.m2/repository/org/apache/maven/wagon/wagon-provider-api/3.3.4/wagon-provider-api-3.3.4.jar:/home/suca/.m2/repository/org/apache/maven/wagon/wagon-file/3.3.4/wagon-file-3.3.4.jar:/home/suca/.m2/repository/io/quarkus/quarkus-bootstrap-gradle-resolver/1.10.1.Final/quarkus-bootstrap-gradle-resolver-1.10.1.Final.jar:/home/suca/.m2/repository/io/smallrye/common/smallrye-common-io/1.4.1/smallrye-common-io-1.4.1.jar:/home/suca/.m2/repository/org/eclipse/sisu/org.eclipse.sisu.inject/0.3.4/org.eclipse.sisu.inject-0.3.4.jar:/home/suca/.m2/repository/io/quarkus/quarkus-test-common/1.10.1.Final/quarkus-test-common-1.10.1.Final.jar:/home/suca/.m2/repository/io/quarkus/quarkus-core-deployment/1.10.1.Final/quarkus-core-deployment-1.10.1.Final.jar:/home/suca/.m2/repository/io/quarkus/gizmo/gizmo/1.0.6.Final/gizmo-1.0.6.Final.jar:/home/suca/.m2/repository/org/ow2/asm/asm-util/9.0/asm-util-9.0.jar:/home/suca/.m2/repository/org/ow2/asm/asm-tree/9.0/asm-tree-9.0.jar:/home/suca/.m2/repository/org/ow2/asm/asm-analysis/9.0/asm-analysis-9.0.jar:/home/suca/.m2/repository/io/quarkus/quarkus-devtools-utilities/1.10.1.Final/quarkus-devtools-utilities-1.10.1.Final.jar:/home/suca/.m2/repository/io/quarkus/quarkus-builder/1.10.1.Final/quarkus-builder-1.10.1.Final.jar:/home/suca/.m2/repository/io/quarkus/quarkus-jsonp-deployment/1.10.1.Final/quarkus-jsonp-deployment-1.10.1.Final.jar:/home/suca/.m2/repository/io/quarkus/quarkus-jsonp/1.10.1.Final/quarkus-jsonp-1.10.1.Final.jar:/home/suca/.m2/repository/org/glassfish/jakarta.json/1.1.6/jakarta.json-1.1.6.jar:/home/suca/.m2/repository/org/jboss/jandex/2.2.1.Final/jandex-2.2.1.Final.jar:/home/suca/.m2/repository/org/jboss/logging/commons-logging-jboss-logging/1.0.0.Final/commons-logging-jboss-logging-1.0.0.Final.jar:/home/suca/.m2/repository/org/junit/jupiter/junit-jupiter/5.7.0/junit-jupiter-5.7.0.jar:/home/suca/.m2/repository/org/junit/jupiter/junit-jupiter-params/5.7.0/junit-jupiter-params-5.7.0.jar:/home/suca/.m2/repository/org/junit/jupiter/junit-jupiter-engine/5.7.0/junit-jupiter-engine-5.7.0.jar:/home/suca/.m2/repository/org/junit/platform/junit-platform-engine/1.7.0/junit-platform-engine-1.7.0.jar:/home/suca/.m2/repository/com/thoughtworks/xstream/xstream/1.4.13/xstream-1.4.13.jar:/home/suca/.m2/repository/xmlpull/xmlpull/1.1.3.1/xmlpull-1.1.3.1.jar:/home/suca/.m2/repository/xpp3/xpp3_min/1.1.4c/xpp3_min-1.1.4c.jar:/home/suca/.m2/repository/io/quarkus/quarkus-test-h2/1.10.1.Final/quarkus-test-h2-1.10.1.Final.jar:/home/suca/.m2/repository/io/rest-assured/rest-assured/4.3.2/rest-assured-4.3.2.jar:/home/suca/.m2/repository/org/codehaus/groovy/groovy/3.0.6/groovy-3.0.6.jar:/home/suca/.m2/repository/org/codehaus/groovy/groovy-xml/3.0.6/groovy-xml-3.0.6.jar:/home/suca/.m2/repository/org/apache/httpcomponents/httpclient/4.5.13/httpclient-4.5.13.jar:/home/suca/.m2/repository/org/apache/httpcomponents/httpcore/4.4.13/httpcore-4.4.13.jar:/home/suca/.m2/repository/commons-codec/commons-codec/1.14/commons-codec-1.14.jar:/home/suca/.m2/repository/org/apache/httpcomponents/httpmime/4.5.13/httpmime-4.5.13.jar:/home/suca/.m2/repository/org/hamcrest/hamcrest/2.1/hamcrest-2.1.jar:/home/suca/.m2/repository/org/ccil/cowan/tagsoup/tagsoup/1.2.1/tagsoup-1.2.1.jar:/home/suca/.m2/repository/io/rest-assured/json-path/4.3.2/json-path-4.3.2.jar:/home/suca/.m2/repository/org/codehaus/groovy/groovy-json/3.0.6/groovy-json-3.0.6.jar:/home/suca/.m2/repository/io/rest-assured/rest-assured-common/4.3.2/rest-assured-common-4.3.2.jar:/home/suca/.m2/repository/io/rest-assured/xml-path/4.3.2/xml-path-4.3.2.jar:/home/suca/.m2/repository/com/sun/xml/bind/jaxb-impl/2.3.3/jaxb-impl-2.3.3.jar:/home/suca/.m2/repository/org/optaplanner/optaplanner-test/8.0.0.Final/optaplanner-test-8.0.0.Final.jar:/home/suca/.m2/repository/org/junit/jupiter/junit-jupiter-api/5.7.0/junit-jupiter-api-5.7.0.jar:/home/suca/.m2/repository/org/apiguardian/apiguardian-api/1.1.0/apiguardian-api-1.1.0.jar:/home/suca/.m2/repository/org/opentest4j/opentest4j/1.2.0/opentest4j-1.2.0.jar:/home/suca/.m2/repository/org/junit/platform/junit-platform-commons/1.7.0/junit-platform-commons-1.7.0.jar:/home/suca/.m2/repository/io/quarkus/quarkus-webjars-locator/1.10.1.Final/quarkus-webjars-locator-1.10.1.Final.jar:/home/suca/.m2/repository/org/webjars/bootstrap/4.3.1/bootstrap-4.3.1.jar:/home/suca/.m2/repository/org/webjars/popper.js/1.14.3/popper.js-1.14.3.jar:/home/suca/.m2/repository/org/webjars/jquery/3.4.1/jquery-3.4.1.jar:/home/suca/.m2/repository/org/webjars/font-awesome/5.11.2/font-awesome-5.11.2.jar:/home/suca/.m2/repository/org/webjars/momentjs/2.24.0/momentjs-2.24.0.jar:"/>
    <property name="sun.cpu.endian" value="little"/>
    <property name="user.home" value="/home/suca"/>
    <property name="user.language" value="en"/>
    <property name="java.specification.vendor" value="Oracle Corporation"/>
    <property name="java.home" value="/usr/lib/jvm/java-8-openjdk-amd64/jre"/>
    <property name="basedir" value="/home/suca/Documents/Work/Local/University/year04/sem01/ESDE/OctaPlanner/Workshop/Repository/optaplanner-workshop"/>
    <property name="file.separator" value="/"/>
    <property name="line.separator" value="&#10;"/>
    <property name="java.vm.specification.vendor" value="Oracle Corporation"/>
    <property name="java.specification.name" value="Java Platform API Specification"/>
    <property name="java.awt.graphicsenv" value="sun.awt.X11GraphicsEnvironment"/>
    <property name="surefire.real.class.path" value="/home/suca/Documents/Work/Local/University/year04/sem01/ESDE/OctaPlanner/Workshop/Repository/optaplanner-workshop/target/surefire/surefirebooter9194821497759998792.jar"/>
    <property name="sun.boot.class.path" value="/usr/lib/jvm/java-8-openjdk-amd64/jre/lib/resources.jar:/usr/lib/jvm/java-8-openjdk-amd64/jre/lib/rt.jar:/usr/lib/jvm/java-8-openjdk-amd64/jre/lib/sunrsasign.jar:/usr/lib/jvm/java-8-openjdk-amd64/jre/lib/jsse.jar:/usr/lib/jvm/java-8-openjdk-amd64/jre/lib/jce.jar:/usr/lib/jvm/java-8-openjdk-amd64/jre/lib/charsets.jar:/usr/lib/jvm/java-8-openjdk-amd64/jre/lib/jfr.jar:/usr/lib/jvm/java-8-openjdk-amd64/jre/classes"/>
    <property name="sun.management.compiler" value="HotSpot 64-Bit Tiered Compilers"/>
    <property name="java.runtime.version" value="1.8.0_275-8u275-b01-0ubuntu1~20.04-b01"/>
    <property name="user.name" value="suca"/>
    <property name="path.separator" value=":"/>
    <property name="os.version" value="5.4.0-56-generic"/>
    <property name="java.endorsed.dirs" value="/usr/lib/jvm/java-8-openjdk-amd64/jre/lib/endorsed"/>
    <property name="java.runtime.name" value="OpenJDK Runtime Environment"/>
    <property name="file.encoding" value="UTF-8"/>
    <property name="java.vm.name" value="OpenJDK 64-Bit Server VM"/>
    <property name="localRepository" value="/home/suca/.m2/repository"/>
    <property name="java.vendor.url.bug" value="http://bugreport.sun.com/bugreport/"/>
    <property name="java.io.tmpdir" value="/tmp"/>
    <property name="java.version" value="1.8.0_275"/>
    <property name="user.dir" value="/home/suca/Documents/Work/Local/University/year04/sem01/ESDE/OctaPlanner/Workshop/Repository/optaplanner-workshop"/>
    <property name="os.arch" value="amd64"/>
    <property name="java.vm.specification.name" value="Java Virtual Machine Specification"/>
    <property name="java.awt.printerjob" value="sun.print.PSPrinterJob"/>
    <property name="sun.os.patch.level" value="unknown"/>
    <property name="java.util.logging.manager" value="org.jboss.logmanager.LogManager"/>
    <property name="java.library.path" value="/usr/java/packages/lib/amd64:/usr/lib/x86_64-linux-gnu/jni:/lib/x86_64-linux-gnu:/usr/lib/x86_64-linux-gnu:/usr/lib/jni:/lib:/usr/lib"/>
    <property name="java.vm.info" value="mixed mode"/>
    <property name="java.vendor" value="Private Build"/>
    <property name="java.vm.version" value="25.275-b01"/>
    <property name="java.ext.dirs" value="/usr/lib/jvm/java-8-openjdk-amd64/jre/lib/ext:/usr/java/packages/lib/ext"/>
    <property name="sun.io.unicode.encoding" value="UnicodeLittle"/>
    <property name="java.class.version" value="52.0"/>
  </properties>
  <testcase name="teacherRoomStability" classname="solver.TimeTableConstraintProviderTest" time="0.8"/>
  <testcase name="roomConflict" classname="solver.TimeTableConstraintProviderTest" time="0.033"/>
  <testcase name="teacherConflict" classname="solver.TimeTableConstraintProviderTest" time="0.026"/>
  <testcase name="studentGroupConflict" classname="solver.TimeTableConstraintProviderTest" time="0.012"/>
  <testcase name="studentGroupSubjectVariety" classname="solver.TimeTableConstraintProviderTest" time="0.01"/>
  <testcase name="teacherTimeEfficiency" classname="solver.TimeTableConstraintProviderTest" time="0.007"/>
</testsuite>